Using pre-set license
Built from '2020.3/staging' branch; Version is '2020.3.6f1 (338bb68529b2) revision 3378102'; Using compiler version '192528614'; Build Type 'Release'
OS: 'Windows 10 Home; OS build 19041.928; Version 2004; 64bit' Language: 'ja' Physical Memory: 65446 MB
BatchMode: 1, IsHumanControllingUs: 0, StartBugReporterOnCrash: 0, Is64bit: 1, IsPro: 0

 COMMAND LINE ARGUMENTS:
D:\55_platform\2020.3.6f1\Editor\Unity.exe
-adb2
-batchMode
-noUpm
-name
AssetImportWorker0
-projectPath
C:/Users/yoshihiko/test2
-logFile
Logs/AssetImportWorker0.log
-srvPort
61624
Successfully changed project path to: C:/Users/yoshihiko/test2
C:/Users/yoshihiko/test2
Using Asset Import Pipeline V2.
Refreshing native plugins compatible for Editor in 17.44 ms, found 0 plugins.
Preloading 0 native plugins for Editor in 0.00 ms.
Initialize engine version: 2020.3.6f1 (338bb68529b2)
[Subsystems] Discovering subsystems at path D:/55_platform/2020.3.6f1/Editor/Data/Resources/UnitySubsystems
[Subsystems] Discovering subsystems at path C:/Users/yoshihiko/test2/Assets
GfxDevice: creating device client; threaded=0
Direct3D:
    Version:  Direct3D 11.0 [level 11.1]
    Renderer: NVIDIA GeForce GTX 1660 SUPER (ID=0x21c4)
    Vendor:   
    VRAM:     5991 MB
    Driver:   27.21.14.5751
Initialize mono
Mono path[0] = 'D:/55_platform/2020.3.6f1/Editor/Data/Managed'
Mono path[1] = 'D:/55_platform/2020.3.6f1/Editor/Data/MonoBleedingEdge/lib/mono/unityjit'
Mono config path = 'D:/55_platform/2020.3.6f1/Editor/Data/MonoBleedingEdge/etc'
Using monoOptions --debugger-agent=transport=dt_socket,embedding=1,server=y,suspend=n,address=127.0.0.1:56220
Begin MonoManager ReloadAssembly
Registering precompiled unity dll's ...
Register platform support module: D:/55_platform/2020.3.6f1/Editor/Data/PlaybackEngines/WindowsStandaloneSupport/UnityEditor.WindowsStandalone.Extensions.dll
Registered in 0.000746 seconds.
Native extension for WindowsStandalone target not found
Refreshing native plugins compatible for Editor in 17.48 ms, found 0 plugins.
Preloading 0 native plugins for Editor in 0.00 ms.
Mono: successfully reloaded assembly
- Completed reload, in  0.654 seconds
Platform modules already initialized, skipping
Registering precompiled user dll's ...
Registered in 0.000517 seconds.
Begin MonoManager ReloadAssembly
Native extension for WindowsStandalone target not found
Refreshing native plugins compatible for Editor in 0.19 ms, found 0 plugins.
Preloading 0 native plugins for Editor in 0.00 ms.
Mono: successfully reloaded assembly
- Completed reload, in  0.589 seconds
Platform modules already initialized, skipping
========================================================================
Worker process is ready to serve import requests
Launched and connected shader compiler UnityShaderCompiler.exe after 0.03 seconds
Refreshing native plugins compatible for Editor in 0.18 ms, found 0 plugins.
Preloading 0 native plugins for Editor in 0.00 ms.
Unloading 1115 Unused Serialized files (Serialized files now loaded: 0)
System memory in use before: 59.6 MB.
System memory in use after: 59.6 MB.

Unloading 9 unused Assets to reduce memory usage. Loaded Objects now: 1556.
Total: 1.518700 ms (FindLiveObjects: 0.147400 ms CreateObjectMapping: 0.038500 ms MarkObjects: 1.289300 ms  DeleteObjects: 0.042900 ms)

========================================================================
Received Import Request.
  path: Assets
  artifactKey: Guid(00000000000000001000000000000000) Importer(815301076,1909f56bfc062723c751e8b465ee728b)
Start importing Assets using Guid(00000000000000001000000000000000) Importer(815301076,1909f56bfc062723c751e8b465ee728b)  -> (artifact id: '2c602d4445bd9e0e517b9a7c882a2249') in 0.003452 seconds
  Import took 0.005100 seconds .

========================================================================
Received Import Request.
  Time since last request: 20.409904 seconds.
  path: Assets/Chracter.cs
  artifactKey: Guid(4d052d1a35629ba4888e0b7567906271) Importer(815301076,1909f56bfc062723c751e8b465ee728b)
Start importing Assets/Chracter.cs using Guid(4d052d1a35629ba4888e0b7567906271) Importer(815301076,1909f56bfc062723c751e8b465ee728b)  -> (artifact id: 'b6e39c90e917f2b945a3db06c91059f7') in 0.014690 seconds
  Import took 0.016157 seconds .

========================================================================
Received Import Request.
  Time since last request: 0.048788 seconds.
  path: Assets/Chracter.cs
  artifactKey: Guid(4d052d1a35629ba4888e0b7567906271) Importer(815301076,1909f56bfc062723c751e8b465ee728b)
Start importing Assets/Chracter.cs using Guid(4d052d1a35629ba4888e0b7567906271) Importer(815301076,1909f56bfc062723c751e8b465ee728b)  -> (artifact id: 'b6e39c90e917f2b945a3db06c91059f7') in 0.001577 seconds
  Import took 0.003028 seconds .

========================================================================
Received Prepare
Registering precompiled user dll's ...
Registered in 0.000444 seconds.
Begin MonoManager ReloadAssembly
Native extension for WindowsStandalone target not found
Refreshing native plugins compatible for Editor in 0.18 ms, found 0 plugins.
Preloading 0 native plugins for Editor in 0.00 ms.
Mono: successfully reloaded assembly
- Completed reload, in  0.556 seconds
Platform modules already initialized, skipping
Refreshing native plugins compatible for Editor in 0.15 ms, found 0 plugins.
Preloading 0 native plugins for Editor in 0.00 ms.
Unloading 1110 Unused Serialized files (Serialized files now loaded: 0)
System memory in use before: 59.4 MB.
System memory in use after: 59.5 MB.

Unloading 4 unused Assets to reduce memory usage. Loaded Objects now: 1560.
Total: 1.318100 ms (FindLiveObjects: 0.108000 ms CreateObjectMapping: 0.031600 ms MarkObjects: 1.168500 ms  DeleteObjects: 0.009300 ms)

AssetImportWorkerClient::OnTransportError - code=2 error=End of file
